[ 2013-05-25T09:01:46+08:00 ] SQL: SHOW COLUMNS FROM `demo_data` [ RunTime:0.000375s ]
[ 2013-05-25T09:01:46+08:00 ] SQL: SELECT * FROM `demo_data` [ RunTime:0.000046s ]
[ 2013-05-25T09:03:32+08:00 ] SQL: SHOW COLUMNS FROM `demo_data` [ RunTime:0.000378s ]
[ 2013-05-25T09:03:32+08:00 ] SQL: SELECT * FROM `demo_data` [ RunTime:0.000046s ]
[ 2013-05-25T09:03:36+08:00 ] SQL: SHOW COLUMNS FROM `demo_data` [ RunTime:0.000370s ]
[ 2013-05-25T09:03:36+08:00 ] SQL: SELECT * FROM `demo_data` [ RunTime:0.000046s ]
[ 2013-05-25T09:13:24+08:00 ] SQL: SHOW COLUMNS FROM `demo_data` [ RunTime:0.000396s ]
[ 2013-05-25T09:13:24+08:00 ] SQL: SELECT * FROM `demo_data` [ RunTime:0.000048s ]
[ 2013-05-25T09:13:25+08:00 ] SQL: SHOW COLUMNS FROM `demo_data` [ RunTime:0.000376s ]
[ 2013-05-25T09:13:25+08:00 ] SQL: SELECT * FROM `demo_data` [ RunTime:0.000045s ]
[ 2013-05-25T09:13:25+08:00 ] SQL: SHOW COLUMNS FROM `demo_data` [ RunTime:0.000388s ]
[ 2013-05-25T09:13:25+08:00 ] SQL: SELECT * FROM `demo_data` [ RunTime:0.000047s ]
[ 2013-05-25T09:13:25+08:00 ] SQL: SHOW COLUMNS FROM `demo_data` [ RunTime:0.000386s ]
[ 2013-05-25T09:13:25+08:00 ] SQL: SELECT * FROM `demo_data` [ RunTime:0.000047s ]
[ 2013-05-25T09:21:16+08:00 ] SQL: SHOW COLUMNS FROM `demo_data` [ RunTime:0.000377s ]
[ 2013-05-25T09:21:16+08:00 ] SQL: SELECT * FROM `demo_data` [ RunTime:0.000047s ]
[ 2013-05-25T09:21:25+08:00 ] SQL: SHOW COLUMNS FROM `demo_data` [ RunTime:0.000381s ]
[ 2013-05-25T09:21:25+08:00 ] SQL: SELECT * FROM `demo_data` [ RunTime:0.000046s ]
[ 2013-05-25T09:21:44+08:00 ] SQL: SHOW COLUMNS FROM `demo_data` [ RunTime:0.000382s ]
[ 2013-05-25T09:21:44+08:00 ] SQL: SELECT * FROM `demo_data` [ RunTime:0.000047s ]
[ 2013-05-25T09:22:07+08:00 ] NOTIC: [8] Undefined index: delete_id IndexAction.class.php 第 42 行.
[ 2013-05-25T09:22:07+08:00 ] SQL: delete from demo_data where id =   [ RunTime:0.000038s ]
[ 2013-05-25T09:22:09+08:00 ] SQL: SHOW COLUMNS FROM `demo_data` [ RunTime:0.000395s ]
[ 2013-05-25T09:22:09+08:00 ] SQL: SELECT * FROM `demo_data` [ RunTime:0.000047s ]
[ 2013-05-25T09:22:10+08:00 ] SQL: SHOW COLUMNS FROM `demo_data` [ RunTime:0.000378s ]
[ 2013-05-25T09:22:10+08:00 ] SQL: SELECT * FROM `demo_data` [ RunTime:0.000046s ]
[ 2013-05-25T09:22:10+08:00 ] SQL: SHOW COLUMNS FROM `demo_data` [ RunTime:0.000386s ]
[ 2013-05-25T09:22:10+08:00 ] SQL: SELECT * FROM `demo_data` [ RunTime:0.000047s ]
[ 2013-05-25T09:22:10+08:00 ] SQL: SHOW COLUMNS FROM `demo_data` [ RunTime:0.000376s ]
[ 2013-05-25T09:22:10+08:00 ] SQL: SELECT * FROM `demo_data` [ RunTime:0.000047s ]
[ 2013-05-25T09:22:10+08:00 ] SQL: SHOW COLUMNS FROM `demo_data` [ RunTime:0.000389s ]
[ 2013-05-25T09:22:10+08:00 ] SQL: SELECT * FROM `demo_data` [ RunTime:0.000048s ]
[ 2013-05-25T09:22:10+08:00 ] SQL: SHOW COLUMNS FROM `demo_data` [ RunTime:0.000374s ]
[ 2013-05-25T09:22:10+08:00 ] SQL: SELECT * FROM `demo_data` [ RunTime:0.000047s ]
[ 2013-05-25T09:22:10+08:00 ] SQL: SHOW COLUMNS FROM `demo_data` [ RunTime:0.000388s ]
[ 2013-05-25T09:22:10+08:00 ] SQL: SELECT * FROM `demo_data` [ RunTime:0.000047s ]
[ 2013-05-25T09:22:35+08:00 ] NOTIC: [8] Undefined index: delete_id IndexAction.class.php 第 42 行.
[ 2013-05-25T09:22:37+08:00 ] SQL: SHOW COLUMNS FROM `demo_data` [ RunTime:0.000380s ]
[ 2013-05-25T09:22:37+08:00 ] SQL: SELECT * FROM `demo_data` [ RunTime:0.000046s ]
[ 2013-05-25T09:22:59+08:00 ] NOTIC: [8] Undefined index: delete_id IndexAction.class.php 第 42 行.
[ 2013-05-25T09:23:02+08:00 ] SQL: SHOW COLUMNS FROM `demo_data` [ RunTime:0.000391s ]
[ 2013-05-25T09:23:02+08:00 ] SQL: SELECT * FROM `demo_data` [ RunTime:0.000047s ]
[ 2013-05-25T09:23:02+08:00 ] SQL: SHOW COLUMNS FROM `demo_data` [ RunTime:0.000375s ]
[ 2013-05-25T09:23:02+08:00 ] SQL: SELECT * FROM `demo_data` [ RunTime:0.000046s ]
[ 2013-05-25T09:23:02+08:00 ] SQL: SHOW COLUMNS FROM `demo_data` [ RunTime:0.000387s ]
[ 2013-05-25T09:23:02+08:00 ] SQL: SELECT * FROM `demo_data` [ RunTime:0.000047s ]
[ 2013-05-25T09:23:05+08:00 ] SQL: SHOW COLUMNS FROM `demo_data` [ RunTime:0.000444s ]
[ 2013-05-25T09:23:05+08:00 ] SQL: SELECT * FROM `demo_data` [ RunTime:0.000048s ]
[ 2013-05-25T09:23:07+08:00 ] SQL: SHOW COLUMNS FROM `demo_data` [ RunTime:0.000384s ]
[ 2013-05-25T09:23:07+08:00 ] SQL: SELECT * FROM `demo_data` [ RunTime:0.000047s ]
[ 2013-05-25T09:23:07+08:00 ] SQL: SHOW COLUMNS FROM `demo_data` [ RunTime:0.000386s ]
[ 2013-05-25T09:23:07+08:00 ] SQL: SELECT * FROM `demo_data` [ RunTime:0.000047s ]
[ 2013-05-25T09:23:07+08:00 ] SQL: SHOW COLUMNS FROM `demo_data` [ RunTime:0.000373s ]
[ 2013-05-25T09:23:07+08:00 ] SQL: SELECT * FROM `demo_data` [ RunTime:0.000045s ]
[ 2013-05-25T09:23:08+08:00 ] SQL: SHOW COLUMNS FROM `demo_data` [ RunTime:0.000389s ]
[ 2013-05-25T09:23:08+08:00 ] SQL: SELECT * FROM `demo_data` [ RunTime:0.000047s ]
[ 2013-05-25T09:23:08+08:00 ] SQL: SHOW COLUMNS FROM `demo_data` [ RunTime:0.000388s ]
[ 2013-05-25T09:23:08+08:00 ] SQL: SELECT * FROM `demo_data` [ RunTime:0.000047s ]
[ 2013-05-25T09:23:08+08:00 ] SQL: SHOW COLUMNS FROM `demo_data` [ RunTime:0.000381s ]
[ 2013-05-25T09:23:08+08:00 ] SQL: SELECT * FROM `demo_data` [ RunTime:0.000047s ]
[ 2013-05-25T09:23:08+08:00 ] SQL: SHOW COLUMNS FROM `demo_data` [ RunTime:0.000377s ]
[ 2013-05-25T09:23:08+08:00 ] SQL: SELECT * FROM `demo_data` [ RunTime:0.000046s ]
[ 2013-05-25T09:23:09+08:00 ] SQL: SHOW COLUMNS FROM `demo_data` [ RunTime:0.000385s ]
[ 2013-05-25T09:23:09+08:00 ] SQL: SELECT * FROM `demo_data` [ RunTime:0.000047s ]
[ 2013-05-25T09:23:09+08:00 ] SQL: SHOW COLUMNS FROM `demo_data` [ RunTime:0.000380s ]
[ 2013-05-25T09:23:09+08:00 ] SQL: SELECT * FROM `demo_data` [ RunTime:0.000046s ]
[ 2013-05-25T09:23:12+08:00 ] SQL: SHOW COLUMNS FROM `demo_data` [ RunTime:0.000384s ]
[ 2013-05-25T09:23:12+08:00 ] SQL: SELECT * FROM `demo_data` [ RunTime:0.000046s ]
[ 2013-05-25T09:24:00+08:00 ] SQL: 9 [ RunTime:0.000028s ]
[ 2013-05-25T09:24:02+08:00 ] SQL: SHOW COLUMNS FROM `demo_data` [ RunTime:0.000383s ]
[ 2013-05-25T09:24:02+08:00 ] SQL: SELECT * FROM `demo_data` [ RunTime:0.000046s ]
[ 2013-05-25T09:24:02+08:00 ] SQL: SHOW COLUMNS FROM `demo_data` [ RunTime:0.000377s ]
[ 2013-05-25T09:24:02+08:00 ] SQL: SELECT * FROM `demo_data` [ RunTime:0.000046s ]
[ 2013-05-25T09:24:02+08:00 ] SQL: SHOW COLUMNS FROM `demo_data` [ RunTime:0.000376s ]
[ 2013-05-25T09:24:02+08:00 ] SQL: SELECT * FROM `demo_data` [ RunTime:0.000046s ]
[ 2013-05-25T09:24:02+08:00 ] SQL: SHOW COLUMNS FROM `demo_data` [ RunTime:0.000387s ]
[ 2013-05-25T09:24:02+08:00 ] SQL: SELECT * FROM `demo_data` [ RunTime:0.000047s ]
[ 2013-05-25T09:24:03+08:00 ] SQL: SHOW COLUMNS FROM `demo_data` [ RunTime:0.000374s ]
[ 2013-05-25T09:24:03+08:00 ] SQL: SELECT * FROM `demo_data` [ RunTime:0.000046s ]
[ 2013-05-25T09:24:03+08:00 ] SQL: SHOW COLUMNS FROM `demo_data` [ RunTime:0.000375s ]
[ 2013-05-25T09:24:03+08:00 ] SQL: SELECT * FROM `demo_data` [ RunTime:0.000046s ]
[ 2013-05-25T09:24:33+08:00 ] SQL: 9 [ RunTime:0.000029s ]
[ 2013-05-25T09:24:35+08:00 ] SQL: SHOW COLUMNS FROM `demo_data` [ RunTime:0.000391s ]
[ 2013-05-25T09:24:35+08:00 ] SQL: SELECT * FROM `demo_data` [ RunTime:0.000047s ]
[ 2013-05-25T09:27:11+08:00 ] SQL: SHOW COLUMNS FROM `demo_data` [ RunTime:0.000378s ]
[ 2013-05-25T09:27:11+08:00 ] SQL: SELECT * FROM `demo_data` [ RunTime:0.000047s ]
[ 2013-05-25T09:27:12+08:00 ] SQL: SHOW COLUMNS FROM `demo_data` [ RunTime:0.000388s ]
[ 2013-05-25T09:27:12+08:00 ] SQL: SELECT * FROM `demo_data` [ RunTime:0.000046s ]
[ 2013-05-25T09:27:55+08:00 ] SQL: delete from demo_data where id =  9  [ RunTime:0.029707s ]
[ 2013-05-25T09:27:57+08:00 ] SQL: SHOW COLUMNS FROM `demo_data` [ RunTime:0.000392s ]
[ 2013-05-25T09:27:57+08:00 ] SQL: SELECT * FROM `demo_data` [ RunTime:0.000138s ]
[ 2013-05-25T09:27:58+08:00 ] SQL: SHOW COLUMNS FROM `demo_data` [ RunTime:0.000379s ]
[ 2013-05-25T09:27:58+08:00 ] SQL: SELECT * FROM `demo_data` [ RunTime:0.000045s ]
[ 2013-05-25T12:51:10+08:00 ] SQL: SHOW COLUMNS FROM `demo_data` [ RunTime:0.064481s ]
[ 2013-05-25T12:51:10+08:00 ] SQL: SELECT * FROM `demo_data` [ RunTime:0.047068s ]
[ 2013-05-25T12:51:10+08:00 ] SQL: SHOW COLUMNS FROM `demo_data` [ RunTime:0.000375s ]
[ 2013-05-25T12:51:10+08:00 ] SQL: SELECT * FROM `demo_data` [ RunTime:0.000047s ]
[ 2013-05-25T12:51:10+08:00 ] SQL: SHOW COLUMNS FROM `demo_data` [ RunTime:0.000385s ]
[ 2013-05-25T12:51:10+08:00 ] SQL: SELECT * FROM `demo_data` [ RunTime:0.000054s ]
[ 2013-05-25T12:51:10+08:00 ] SQL: SHOW COLUMNS FROM `demo_data` [ RunTime:0.000396s ]
[ 2013-05-25T12:51:10+08:00 ] SQL: SELECT * FROM `demo_data` [ RunTime:0.000050s ]
[ 2013-05-25T12:51:10+08:00 ] SQL: SHOW COLUMNS FROM `demo_data` [ RunTime:0.000395s ]
[ 2013-05-25T12:51:10+08:00 ] SQL: SELECT * FROM `demo_data` [ RunTime:0.000058s ]
[ 2013-05-25T12:51:11+08:00 ] SQL: SHOW COLUMNS FROM `demo_data` [ RunTime:0.000374s ]
[ 2013-05-25T12:51:11+08:00 ] SQL: SELECT * FROM `demo_data` [ RunTime:0.000072s ]
[ 2013-05-25T12:51:11+08:00 ] SQL: SHOW COLUMNS FROM `demo_data` [ RunTime:0.000465s ]
[ 2013-05-25T12:51:11+08:00 ] SQL: SELECT * FROM `demo_data` [ RunTime:0.000058s ]
[ 2013-05-25T12:51:11+08:00 ] SQL: SHOW COLUMNS FROM `demo_data` [ RunTime:0.000378s ]
[ 2013-05-25T12:51:11+08:00 ] SQL: SELECT * FROM `demo_data` [ RunTime:0.000046s ]
[ 2013-05-25T12:51:11+08:00 ] SQL: SHOW COLUMNS FROM `demo_data` [ RunTime:0.000398s ]
[ 2013-05-25T12:51:11+08:00 ] SQL: SELECT * FROM `demo_data` [ RunTime:0.000049s ]
[ 2013-05-25T12:51:11+08:00 ] SQL: SHOW COLUMNS FROM `demo_data` [ RunTime:0.000452s ]
[ 2013-05-25T12:51:11+08:00 ] SQL: SELECT * FROM `demo_data` [ RunTime:0.000057s ]
[ 2013-05-25T12:51:12+08:00 ] SQL: SHOW COLUMNS FROM `demo_data` [ RunTime:0.000391s ]
[ 2013-05-25T12:51:12+08:00 ] SQL: SELECT * FROM `demo_data` [ RunTime:0.000061s ]
[ 2013-05-25T12:51:12+08:00 ] SQL: SHOW COLUMNS FROM `demo_data` [ RunTime:0.000374s ]
[ 2013-05-25T12:51:12+08:00 ] SQL: SELECT * FROM `demo_data` [ RunTime:0.000047s ]
[ 2013-05-25T12:55:34+08:00 ] SQL: SHOW COLUMNS FROM `demo_data` [ RunTime:0.000390s ]
[ 2013-05-25T12:55:34+08:00 ] SQL: SELECT * FROM `demo_data` [ RunTime:0.000045s ]
[ 2013-05-25T12:55:40+08:00 ] SQL: SHOW COLUMNS FROM `demo_data` [ RunTime:0.000392s ]
[ 2013-05-25T12:55:40+08:00 ] SQL: SELECT * FROM `demo_data` [ RunTime:0.000051s ]
[ 2013-05-25T13:00:35+08:00 ] NOTIC: [8] Undefined index: status IndexAction.class.php 第 29 行.
[ 2013-05-25T13:00:35+08:00 ] NOTIC: [8] Undefined index: name IndexAction.class.php 第 30 行.
[ 2013-05-25T13:00:35+08:00 ] NOTIC: [8] Undefined index: tool IndexAction.class.php 第 31 行.
[ 2013-05-25T13:00:35+08:00 ] NOTIC: [8] Undefined index: number IndexAction.class.php 第 32 行.
[ 2013-05-25T13:00:35+08:00 ] SQL: insert into demo_data (`id`,`status`,`name`,`tool`, `number`) values(null, '', '', '', '')   [ RunTime:0.254203s ]
[ 2013-05-25T13:10:53+08:00 ] NOTIC: [8] Undefined index: status IndexAction.class.php 第 27 行.
[ 2013-05-25T13:10:53+08:00 ] NOTIC: [8] Undefined index: name IndexAction.class.php 第 28 行.
[ 2013-05-25T13:10:53+08:00 ] NOTIC: [8] Undefined index: tool IndexAction.class.php 第 29 行.
[ 2013-05-25T13:10:53+08:00 ] NOTIC: [8] Undefined index: number IndexAction.class.php 第 30 行.
[ 2013-05-25T13:10:53+08:00 ] SQL: insert into demo_data (`id`,`status`,`name`,`tool`, `number`) values(null, '', '', '', '')   [ RunTime:0.067153s ]
[ 2013-05-25T13:11:04+08:00 ] SQL: SHOW COLUMNS FROM `demo_data` [ RunTime:0.000376s ]
[ 2013-05-25T13:11:04+08:00 ] SQL: SELECT * FROM `demo_data` [ RunTime:0.015401s ]
[ 2013-05-25T13:11:05+08:00 ] SQL: SHOW COLUMNS FROM `demo_data` [ RunTime:0.000459s ]
[ 2013-05-25T13:11:05+08:00 ] SQL: SELECT * FROM `demo_data` [ RunTime:0.000051s ]
[ 2013-05-25T13:11:06+08:00 ] SQL: SHOW COLUMNS FROM `demo_data` [ RunTime:0.000427s ]
[ 2013-05-25T13:11:06+08:00 ] SQL: SELECT * FROM `demo_data` [ RunTime:0.000045s ]
[ 2013-05-25T13:11:06+08:00 ] SQL: SHOW COLUMNS FROM `demo_data` [ RunTime:0.000379s ]
[ 2013-05-25T13:11:06+08:00 ] SQL: SELECT * FROM `demo_data` [ RunTime:0.000047s ]
[ 2013-05-25T13:11:06+08:00 ] SQL: SHOW COLUMNS FROM `demo_data` [ RunTime:0.000407s ]
[ 2013-05-25T13:11:06+08:00 ] SQL: SELECT * FROM `demo_data` [ RunTime:0.000051s ]
[ 2013-05-25T13:11:07+08:00 ] SQL: SHOW COLUMNS FROM `demo_data` [ RunTime:0.000468s ]
[ 2013-05-25T13:11:07+08:00 ] SQL: SELECT * FROM `demo_data` [ RunTime:0.000052s ]
[ 2013-05-25T13:11:08+08:00 ] SQL: SHOW COLUMNS FROM `demo_data` [ RunTime:0.000391s ]
[ 2013-05-25T13:11:08+08:00 ] SQL: SELECT * FROM `demo_data` [ RunTime:0.000044s ]
[ 2013-05-25T13:11:08+08:00 ] SQL: SHOW COLUMNS FROM `demo_data` [ RunTime:0.000399s ]
[ 2013-05-25T13:11:08+08:00 ] SQL: SELECT * FROM `demo_data` [ RunTime:0.000045s ]
[ 2013-05-25T13:11:09+08:00 ] SQL: SHOW COLUMNS FROM `demo_data` [ RunTime:0.000399s ]
[ 2013-05-25T13:11:09+08:00 ] SQL: SELECT * FROM `demo_data` [ RunTime:0.000045s ]
[ 2013-05-25T13:11:09+08:00 ] SQL: SHOW COLUMNS FROM `demo_data` [ RunTime:0.000414s ]
[ 2013-05-25T13:11:09+08:00 ] SQL: SELECT * FROM `demo_data` [ RunTime:0.000047s ]
[ 2013-05-25T13:11:09+08:00 ] SQL: SHOW COLUMNS FROM `demo_data` [ RunTime:0.000388s ]
[ 2013-05-25T13:11:09+08:00 ] SQL: SELECT * FROM `demo_data` [ RunTime:0.000049s ]
[ 2013-05-25T13:11:09+08:00 ] SQL: SHOW COLUMNS FROM `demo_data` [ RunTime:0.000506s ]
[ 2013-05-25T13:11:09+08:00 ] SQL: SELECT * FROM `demo_data` [ RunTime:0.000060s ]
[ 2013-05-25T13:11:10+08:00 ] SQL: SHOW COLUMNS FROM `demo_data` [ RunTime:0.000384s ]
[ 2013-05-25T13:11:10+08:00 ] SQL: SELECT * FROM `demo_data` [ RunTime:0.000055s ]
[ 2013-05-25T13:11:10+08:00 ] SQL: SHOW COLUMNS FROM `demo_data` [ RunTime:0.000378s ]
[ 2013-05-25T13:11:10+08:00 ] SQL: SELECT * FROM `demo_data` [ RunTime:0.000058s ]
[ 2013-05-25T13:11:10+08:00 ] SQL: SHOW COLUMNS FROM `demo_data` [ RunTime:0.000926s ]
[ 2013-05-25T13:11:10+08:00 ] SQL: SELECT * FROM `demo_data` [ RunTime:0.000050s ]
[ 2013-05-25T13:12:28+08:00 ] SQL: insert into demo_data (`id`,`status`,`name`,`tool`, `number`) values(null, '123', '445', '667', '756')   [ RunTime:0.048808s ]
[ 2013-05-25T13:12:30+08:00 ] SQL: SHOW COLUMNS FROM `demo_data` [ RunTime:0.000401s ]
[ 2013-05-25T13:12:30+08:00 ] SQL: SELECT * FROM `demo_data` [ RunTime:0.000167s ]
[ 2013-05-25T13:12:30+08:00 ] SQL: SHOW COLUMNS FROM `demo_data` [ RunTime:0.000510s ]
[ 2013-05-25T13:12:30+08:00 ] SQL: SELECT * FROM `demo_data` [ RunTime:0.000062s ]
[ 2013-05-25T13:16:31+08:00 ] SQL: insert into demo_data (`id`,`status`,`name`,`tool`, `number`) values(null, '5655', '5555', '555', '555')   [ RunTime:0.071623s ]
[ 2013-05-25T13:39:54+08:00 ] SQL: insert into demo_data (`id`,`status`,`name`,`tool`, `number`) values(null, '2342', '23423', '432423', '43242')   [ RunTime:0.044907s ]
[ 2013-05-25T13:40:05+08:00 ] SQL: SHOW COLUMNS FROM `demo_data` [ RunTime:0.000402s ]
[ 2013-05-25T13:40:05+08:00 ] SQL: SELECT * FROM `demo_data` [ RunTime:0.000139s ]
[ 2013-05-25T16:23:57+08:00 ] SQL: SHOW COLUMNS FROM `demo_data` [ RunTime:0.000420s ]
[ 2013-05-25T16:23:57+08:00 ] SQL: SELECT * FROM `demo_data` [ RunTime:0.000050s ]
[ 2013-05-25T16:24:19+08:00 ] SQL: SHOW COLUMNS FROM `demo_data` [ RunTime:0.000462s ]
[ 2013-05-25T16:24:19+08:00 ] SQL: SELECT * FROM `demo_data` [ RunTime:0.000049s ]
[ 2013-05-25T16:25:38+08:00 ] SQL: SHOW COLUMNS FROM `demo_data` [ RunTime:0.000387s ]
[ 2013-05-25T16:25:38+08:00 ] SQL: SELECT * FROM `demo_data` [ RunTime:0.000047s ]
[ 2013-05-25T16:25:38+08:00 ] SQL: SHOW COLUMNS FROM `demo_data` [ RunTime:0.000387s ]
[ 2013-05-25T16:25:38+08:00 ] SQL: SELECT * FROM `demo_data` [ RunTime:0.000048s ]
[ 2013-05-25T16:25:38+08:00 ] SQL: SHOW COLUMNS FROM `demo_data` [ RunTime:0.000385s ]
[ 2013-05-25T16:25:38+08:00 ] SQL: SELECT * FROM `demo_data` [ RunTime:0.000048s ]
[ 2013-05-25T16:25:39+08:00 ] SQL: SHOW COLUMNS FROM `demo_data` [ RunTime:0.000382s ]
[ 2013-05-25T16:25:39+08:00 ] SQL: SELECT * FROM `demo_data` [ RunTime:0.000047s ]
[ 2013-05-25T16:25:39+08:00 ] ERR: (ThinkException) 非法操作query_page.html
[ 2013-05-25T16:27:42+08:00 ] SQL: SHOW COLUMNS FROM `demo_data` [ RunTime:0.000410s ]
[ 2013-05-25T16:27:42+08:00 ] SQL: SELECT * FROM `demo_data` [ RunTime:0.000047s ]
[ 2013-05-25T16:27:42+08:00 ] SQL: SHOW COLUMNS FROM `demo_data` [ RunTime:0.000380s ]
[ 2013-05-25T16:27:42+08:00 ] SQL: SELECT * FROM `demo_data` [ RunTime:0.000049s ]
[ 2013-05-25T16:27:43+08:00 ] SQL: SHOW COLUMNS FROM `demo_data` [ RunTime:0.000379s ]
[ 2013-05-25T16:27:43+08:00 ] SQL: SELECT * FROM `demo_data` [ RunTime:0.000046s ]
[ 2013-05-25T16:28:15+08:00 ] SQL: SHOW COLUMNS FROM `demo_data` [ RunTime:0.000460s ]
[ 2013-05-25T16:28:15+08:00 ] SQL: SELECT * FROM `demo_data` [ RunTime:0.000055s ]
[ 2013-05-25T16:28:15+08:00 ] SQL: SHOW COLUMNS FROM `demo_data` [ RunTime:0.000455s ]
[ 2013-05-25T16:28:15+08:00 ] SQL: SELECT * FROM `demo_data` [ RunTime:0.000047s ]
[ 2013-05-25T16:28:16+08:00 ] SQL: SHOW COLUMNS FROM `demo_data` [ RunTime:0.000387s ]
[ 2013-05-25T16:28:16+08:00 ] SQL: SELECT * FROM `demo_data` [ RunTime:0.000048s ]
[ 2013-05-25T16:28:16+08:00 ] SQL: SHOW COLUMNS FROM `demo_data` [ RunTime:0.000395s ]
[ 2013-05-25T16:28:16+08:00 ] SQL: SELECT * FROM `demo_data` [ RunTime:0.000048s ]
[ 2013-05-25T16:29:22+08:00 ] SQL: SHOW COLUMNS FROM `demo_data` [ RunTime:0.000379s ]
[ 2013-05-25T16:29:22+08:00 ] SQL: SELECT * FROM `demo_data` [ RunTime:0.000048s ]
[ 2013-05-25T16:29:22+08:00 ] SQL: SHOW COLUMNS FROM `demo_data` [ RunTime:0.000386s ]
[ 2013-05-25T16:29:22+08:00 ] SQL: SELECT * FROM `demo_data` [ RunTime:0.000047s ]
[ 2013-05-25T16:29:23+08:00 ] SQL: SHOW COLUMNS FROM `demo_data` [ RunTime:0.000376s ]
[ 2013-05-25T16:29:23+08:00 ] SQL: SELECT * FROM `demo_data` [ RunTime:0.000050s ]
[ 2013-05-25T16:29:23+08:00 ] SQL: SHOW COLUMNS FROM `demo_data` [ RunTime:0.000386s ]
[ 2013-05-25T16:29:23+08:00 ] SQL: SELECT * FROM `demo_data` [ RunTime:0.000046s ]
[ 2013-05-25T16:29:24+08:00 ] SQL: SHOW COLUMNS FROM `demo_data` [ RunTime:0.000379s ]
[ 2013-05-25T16:29:24+08:00 ] SQL: SELECT * FROM `demo_data` [ RunTime:0.000046s ]
[ 2013-05-25T16:29:25+08:00 ] SQL: SHOW COLUMNS FROM `demo_data` [ RunTime:0.000403s ]
[ 2013-05-25T16:29:25+08:00 ] SQL: SELECT * FROM `demo_data` [ RunTime:0.000061s ]
[ 2013-05-25T16:30:41+08:00 ] SQL: SHOW COLUMNS FROM `demo_data` [ RunTime:0.000378s ]
[ 2013-05-25T16:30:41+08:00 ] SQL: SELECT * FROM `demo_data` [ RunTime:0.000097s ]
[ 2013-05-25T16:30:41+08:00 ] SQL: SHOW COLUMNS FROM `demo_data` [ RunTime:0.000386s ]
[ 2013-05-25T16:30:41+08:00 ] SQL: SELECT * FROM `demo_data` [ RunTime:0.000047s ]
[ 2013-05-25T16:30:42+08:00 ] SQL: SHOW COLUMNS FROM `demo_data` [ RunTime:0.000460s ]
[ 2013-05-25T16:30:42+08:00 ] SQL: SELECT * FROM `demo_data` [ RunTime:0.000049s ]
[ 2013-05-25T16:30:42+08:00 ] SQL: SHOW COLUMNS FROM `demo_data` [ RunTime:0.000397s ]
[ 2013-05-25T16:30:42+08:00 ] SQL: SELECT * FROM `demo_data` [ RunTime:0.000047s ]
[ 2013-05-25T16:30:42+08:00 ] SQL: SHOW COLUMNS FROM `demo_data` [ RunTime:0.000394s ]
[ 2013-05-25T16:30:42+08:00 ] SQL: SELECT * FROM `demo_data` [ RunTime:0.000047s ]
[ 2013-05-25T16:30:43+08:00 ] ERR: (ThinkException) 非法操作insert_page.html
[ 2013-05-25T16:30:51+08:00 ] ERR: (ThinkException) 非法操作insert_page.html
[ 2013-05-25T16:36:54+08:00 ] SQL: SHOW COLUMNS FROM `demo_data` [ RunTime:0.000384s ]
[ 2013-05-25T16:36:54+08:00 ] SQL: SELECT * FROM `demo_data` [ RunTime:0.000060s ]
[ 2013-05-25T16:36:54+08:00 ] SQL: SHOW COLUMNS FROM `demo_data` [ RunTime:0.000377s ]
[ 2013-05-25T16:36:54+08:00 ] SQL: SELECT * FROM `demo_data` [ RunTime:0.000047s ]
[ 2013-05-25T16:36:54+08:00 ] SQL: SHOW COLUMNS FROM `demo_data` [ RunTime:0.000373s ]
[ 2013-05-25T16:36:54+08:00 ] SQL: SELECT * FROM `demo_data` [ RunTime:0.000046s ]
[ 2013-05-25T16:36:55+08:00 ] SQL: SHOW COLUMNS FROM `demo_data` [ RunTime:0.000374s ]
[ 2013-05-25T16:36:55+08:00 ] SQL: SELECT * FROM `demo_data` [ RunTime:0.000047s ]
[ 2013-05-25T16:36:55+08:00 ] SQL: SHOW COLUMNS FROM `demo_data` [ RunTime:0.000409s ]
[ 2013-05-25T16:36:55+08:00 ] SQL: SELECT * FROM `demo_data` [ RunTime:0.000064s ]
[ 2013-05-25T16:36:56+08:00 ] SQL: SHOW COLUMNS FROM `demo_data` [ RunTime:0.000376s ]
[ 2013-05-25T16:36:56+08:00 ] SQL: SELECT * FROM `demo_data` [ RunTime:0.000046s ]
[ 2013-05-25T16:36:57+08:00 ] SQL: SHOW COLUMNS FROM `demo_data` [ RunTime:0.000374s ]
[ 2013-05-25T16:36:57+08:00 ] SQL: SELECT * FROM `demo_data` [ RunTime:0.000047s ]
[ 2013-05-25T16:38:06+08:00 ] SQL: SHOW COLUMNS FROM `demo_data` [ RunTime:0.000385s ]
[ 2013-05-25T16:38:06+08:00 ] SQL: SELECT * FROM `demo_data` [ RunTime:0.000046s ]
[ 2013-05-25T16:38:06+08:00 ] SQL: SHOW COLUMNS FROM `demo_data` [ RunTime:0.000387s ]
[ 2013-05-25T16:38:06+08:00 ] SQL: SELECT * FROM `demo_data` [ RunTime:0.000047s ]
[ 2013-05-25T16:38:06+08:00 ] SQL: SHOW COLUMNS FROM `demo_data` [ RunTime:0.000378s ]
[ 2013-05-25T16:38:06+08:00 ] SQL: SELECT * FROM `demo_data` [ RunTime:0.000047s ]
[ 2013-05-25T16:38:07+08:00 ] SQL: SHOW COLUMNS FROM `demo_data` [ RunTime:0.000390s ]
[ 2013-05-25T16:38:07+08:00 ] SQL: SELECT * FROM `demo_data` [ RunTime:0.000047s ]
[ 2013-05-25T16:38:07+08:00 ] SQL: SHOW COLUMNS FROM `demo_data` [ RunTime:0.000483s ]
[ 2013-05-25T16:38:07+08:00 ] SQL: SELECT * FROM `demo_data` [ RunTime:0.000938s ]
[ 2013-05-25T16:38:12+08:00 ] SQL: SHOW COLUMNS FROM `demo_data` [ RunTime:0.000377s ]
[ 2013-05-25T16:38:12+08:00 ] SQL: SELECT * FROM `demo_data` [ RunTime:0.000049s ]
[ 2013-05-25T16:38:14+08:00 ] SQL: SHOW COLUMNS FROM `demo_data` [ RunTime:0.000408s ]
[ 2013-05-25T16:38:14+08:00 ] SQL: SELECT * FROM `demo_data` [ RunTime:0.000048s ]
[ 2013-05-25T16:38:41+08:00 ] SQL: SHOW COLUMNS FROM `demo_data` [ RunTime:0.000385s ]
[ 2013-05-25T16:38:41+08:00 ] SQL: SELECT * FROM `demo_data` [ RunTime:0.000046s ]
[ 2013-05-25T16:43:14+08:00 ] SQL: insert into demo_data (`id`,`status`,`name`,`tool`, `number`) values(null, 'jidan', 'beijing', '1242354235', '5345353')   [ RunTime:0.122896s ]
[ 2013-05-25T16:43:24+08:00 ] SQL: SHOW COLUMNS FROM `demo_data` [ RunTime:0.000408s ]
[ 2013-05-25T16:43:24+08:00 ] SQL: SELECT * FROM `demo_data` [ RunTime:0.000154s ]
[ 2013-05-25T16:43:29+08:00 ] SQL: delete from demo_data where id =  15  [ RunTime:0.359492s ]
[ 2013-05-25T16:43:32+08:00 ] SQL: SHOW COLUMNS FROM `demo_data` [ RunTime:0.000376s ]
[ 2013-05-25T16:43:32+08:00 ] SQL: SELECT * FROM `demo_data` [ RunTime:0.000153s ]
[ 2013-05-25T16:43:35+08:00 ] SQL: SHOW COLUMNS FROM `demo_data` [ RunTime:0.000393s ]
[ 2013-05-25T16:43:35+08:00 ] SQL: SELECT * FROM `demo_data` [ RunTime:0.000056s ]
[ 2013-05-25T16:43:35+08:00 ] SQL: SHOW COLUMNS FROM `demo_data` [ RunTime:0.000460s ]
[ 2013-05-25T16:43:35+08:00 ] SQL: SELECT * FROM `demo_data` [ RunTime:0.000075s ]
[ 2013-05-25T16:51:33+08:00 ] SQL: SHOW COLUMNS FROM `demo_data` [ RunTime:0.000386s ]
[ 2013-05-25T16:51:33+08:00 ] SQL: SELECT * FROM `demo_data` [ RunTime:0.000058s ]
[ 2013-05-25T16:51:34+08:00 ] SQL: SHOW COLUMNS FROM `demo_data` [ RunTime:0.000373s ]
[ 2013-05-25T16:51:34+08:00 ] SQL: SELECT * FROM `demo_data` [ RunTime:0.000047s ]
[ 2013-05-25T16:51:35+08:00 ] SQL: SHOW COLUMNS FROM `demo_data` [ RunTime:0.000405s ]
[ 2013-05-25T16:51:35+08:00 ] SQL: SELECT * FROM `demo_data` [ RunTime:0.000046s ]
[ 2013-05-25T16:51:35+08:00 ] SQL: SHOW COLUMNS FROM `demo_data` [ RunTime:0.000384s ]
[ 2013-05-25T16:51:35+08:00 ] SQL: SELECT * FROM `demo_data` [ RunTime:0.000058s ]
[ 2013-05-25T17:02:43+08:00 ] ERR: (ThinkException) 非法操作images
[ 2013-05-25T17:02:43+08:00 ] ERR: (ThinkException) 非法操作images
[ 2013-05-25T17:02:43+08:00 ] ERR: (ThinkException) 非法操作images
[ 2013-05-25T17:02:43+08:00 ] ERR: (ThinkException) 非法操作images
[ 2013-05-25T17:02:43+08:00 ] ERR: (ThinkException) 非法操作images
[ 2013-05-25T17:02:43+08:00 ] ERR: (ThinkException) 非法操作images
[ 2013-05-25T17:02:43+08:00 ] ERR: (ThinkException) 非法操作images
[ 2013-05-25T17:02:43+08:00 ] ERR: (ThinkException) 非法操作images
[ 2013-05-25T17:02:43+08:00 ] ERR: (ThinkException) 非法操作images
[ 2013-05-25T17:02:51+08:00 ] ERR: (ThinkException) 非法操作images
[ 2013-05-25T17:04:33+08:00 ] ERR: (ThinkException) 非法操作images
[ 2013-05-25T17:04:33+08:00 ] ERR: (ThinkException) 非法操作images
[ 2013-05-25T17:04:33+08:00 ] ERR: (ThinkException) 非法操作images
[ 2013-05-25T17:04:33+08:00 ] ERR: (ThinkException) 非法操作images
[ 2013-05-25T17:04:33+08:00 ] ERR: (ThinkException) 非法操作images
[ 2013-05-25T17:04:33+08:00 ] ERR: (ThinkException) 非法操作images
[ 2013-05-25T17:04:33+08:00 ] ERR: (ThinkException) 非法操作images
[ 2013-05-25T17:04:33+08:00 ] ERR: (ThinkException) 非法操作images
[ 2013-05-25T17:04:33+08:00 ] ERR: (ThinkException) 非法操作images
[ 2013-05-25T17:07:40+08:00 ] ERR: (ThinkException) 非法操作images
[ 2013-05-25T17:07:40+08:00 ] ERR: (ThinkException) 非法操作images
[ 2013-05-25T17:07:40+08:00 ] ERR: (ThinkException) 非法操作images
[ 2013-05-25T17:07:40+08:00 ] ERR: (ThinkException) 非法操作images
[ 2013-05-25T17:07:40+08:00 ] ERR: (ThinkException) 非法操作images
[ 2013-05-25T17:07:40+08:00 ] ERR: (ThinkException) 非法操作images
[ 2013-05-25T17:07:41+08:00 ] ERR: (ThinkException) 非法操作images
[ 2013-05-25T17:07:41+08:00 ] ERR: (ThinkException) 非法操作images
[ 2013-05-25T17:07:41+08:00 ] ERR: (ThinkException) 非法操作images
[ 2013-05-25T17:09:41+08:00 ] ERR: (ThinkException) 非法操作images
[ 2013-05-25T17:09:41+08:00 ] ERR: (ThinkException) 非法操作images
[ 2013-05-25T17:09:41+08:00 ] ERR: (ThinkException) 非法操作images
[ 2013-05-25T17:09:41+08:00 ] ERR: (ThinkException) 非法操作images
[ 2013-05-25T17:09:41+08:00 ] ERR: (ThinkException) 非法操作images
[ 2013-05-25T17:09:41+08:00 ] ERR: (ThinkException) 非法操作images
[ 2013-05-25T17:09:41+08:00 ] ERR: (ThinkException) 非法操作images
[ 2013-05-25T17:09:41+08:00 ] ERR: (ThinkException) 非法操作images
[ 2013-05-25T17:09:41+08:00 ] ERR: (ThinkException) 非法操作images
[ 2013-05-25T17:10:13+08:00 ] ERR: (ThinkException) 非法操作images
[ 2013-05-25T17:10:13+08:00 ] ERR: (ThinkException) 非法操作images
[ 2013-05-25T17:10:13+08:00 ] ERR: (ThinkException) 非法操作images
[ 2013-05-25T17:10:13+08:00 ] ERR: (ThinkException) 非法操作images
[ 2013-05-25T17:10:13+08:00 ] ERR: (ThinkException) 非法操作images
[ 2013-05-25T17:10:13+08:00 ] ERR: (ThinkException) 非法操作images
[ 2013-05-25T17:10:13+08:00 ] ERR: (ThinkException) 非法操作images
[ 2013-05-25T17:10:13+08:00 ] ERR: (ThinkException) 非法操作images
[ 2013-05-25T17:10:13+08:00 ] ERR: (ThinkException) 非法操作images
[ 2013-05-25T17:10:14+08:00 ] ERR: (ThinkException) 非法操作images
[ 2013-05-25T17:10:14+08:00 ] ERR: (ThinkException) 非法操作images
[ 2013-05-25T17:10:14+08:00 ] ERR: (ThinkException) 非法操作images
[ 2013-05-25T17:10:14+08:00 ] ERR: (ThinkException) 非法操作images
[ 2013-05-25T17:10:14+08:00 ] ERR: (ThinkException) 非法操作images
[ 2013-05-25T17:10:14+08:00 ] ERR: (ThinkException) 非法操作images
[ 2013-05-25T17:10:14+08:00 ] ERR: (ThinkException) 非法操作images
[ 2013-05-25T17:10:14+08:00 ] ERR: (ThinkException) 非法操作images
[ 2013-05-25T17:10:14+08:00 ] ERR: (ThinkException) 非法操作images
[ 2013-05-25T17:10:23+08:00 ] ERR: (ThinkException) 非法操作images
[ 2013-05-25T17:10:23+08:00 ] ERR: (ThinkException) 非法操作images
[ 2013-05-25T17:10:23+08:00 ] ERR: (ThinkException) 非法操作images
[ 2013-05-25T17:10:23+08:00 ] ERR: (ThinkException) 非法操作images
[ 2013-05-25T17:10:23+08:00 ] ERR: (ThinkException) 非法操作images
[ 2013-05-25T17:10:23+08:00 ] ERR: (ThinkException) 非法操作images
[ 2013-05-25T17:10:23+08:00 ] ERR: (ThinkException) 非法操作images
[ 2013-05-25T17:10:23+08:00 ] ERR: (ThinkException) 非法操作images
[ 2013-05-25T17:10:23+08:00 ] ERR: (ThinkException) 非法操作images
[ 2013-05-25T17:11:44+08:00 ] ERR: (ThinkException) 非法操作images
[ 2013-05-25T17:12:33+08:00 ] ERR: (ThinkException) Action:diplay您所请求的方法不存在！
[ 2013-05-25T17:33:45+08:00 ] ERR: (ThinkException) 非法操作query_data
